21 files found.
22 sequences recovered for the gene rps12
21 sequences recovered for the gene psbA
21 sequences recovered for the gene matK
21 sequences recovered for the gene rps16
21 sequences recovered for the gene psbK
21 sequences recovered for the gene psbI
21 sequences recovered for the gene atpA
21 sequences recovered for the gene atpF
21 sequences recovered for the gene atpH
21 sequences recovered for the gene atpI
21 sequences recovered for the gene rps2
21 sequences recovered for the gene rpoC2
21 sequences recovered for the gene rpoC1
21 sequences recovered for the gene rpoB
21 sequences recovered for the gene petN
21 sequences recovered for the gene psbM
21 sequences recovered for the gene psbD
21 sequences recovered for the gene psbC
1 sequences recovered for the gene ycf9
21 sequences recovered for the gene rps14
21 sequences recovered for the gene psaB
21 sequences recovered for the gene psaA
21 sequences recovered for the gene ycf3
21 sequences recovered for the gene rps4
21 sequences recovered for the gene ndhJ
21 sequences recovered for the gene ndhK
21 sequences recovered for the gene ndhC
21 sequences recovered for the gene atpE
21 sequences recovered for the gene atpB
21 sequences recovered for the gene rbcL
21 sequences recovered for the gene accD
21 sequences recovered for the gene psaI
21 sequences recovered for the gene ycf4
21 sequences recovered for the gene cemA
21 sequences recovered for the gene petA
21 sequences recovered for the gene psbJ
21 sequences recovered for the gene psbL
21 sequences recovered for the gene psbF
21 sequences recovered for the gene psbE
21 sequences recovered for the gene petL
21 sequences recovered for the gene petG
21 sequences recovered for the gene psaJ
21 sequences recovered for the gene rpl33
21 sequences recovered for the gene rps18
21 sequences recovered for the gene rpl20
22 sequences recovered for the gene rps12
21 sequences recovered for the gene clpP
21 sequences recovered for the gene psbB
21 sequences recovered for the gene psbT
21 sequences recovered for the gene psbN
21 sequences recovered for the gene psbH
21 sequences recovered for the gene petB
21 sequences recovered for the gene petD
21 sequences recovered for the gene rpoA
21 sequences recovered for the gene rps11
21 sequences recovered for the gene rpl36
21 sequences recovered for the gene infA
21 sequences recovered for the gene rps8
21 sequences recovered for the gene rpl14
21 sequences recovered for the gene rpl16
21 sequences recovered for the gene rps3
21 sequences recovered for the gene rpl22
21 sequences recovered for the gene rps19
20 sequences recovered for the gene rpl2
21 sequences recovered for the gene rpl23
21 sequences recovered for the gene ycf2
15 sequences recovered for the gene ycf15
21 sequences recovered for the gene ndhB
22 sequences recovered for the gene rps7
21 sequences recovered for the gene ndhF
21 sequences recovered for the gene rpl32
21 sequences recovered for the gene ccsA
21 sequences recovered for the gene ndhD
21 sequences recovered for the gene psaC
21 sequences recovered for the gene ndhE
21 sequences recovered for the gene ndhG
21 sequences recovered for the gene ndhI
21 sequences recovered for the gene ndhA
21 sequences recovered for the gene ndhH
21 sequences recovered for the gene rps15
33 sequences recovered for the gene ycf1
22 sequences recovered for the gene rps7
21 sequences recovered for the gene ndhB
15 sequences recovered for the gene ycf15
21 sequences recovered for the gene ycf2
21 sequences recovered for the gene rpl23
20 sequences recovered for the gene rpl2
