7are been found.
7 sequences recovered for the gene rps12
7 sequences recovered for the gene psbA
7 sequences recovered for the gene matK
6 sequences recovered for the gene rps16
6 sequences recovered for the gene psbK
6 sequences recovered for the gene psbI
6 sequences recovered for the gene atpA
6 sequences recovered for the gene atpF
6 sequences recovered for the gene atpH
6 sequences recovered for the gene atpI
6 sequences recovered for the gene rps2
6 sequences recovered for the gene rpoC2
6 sequences recovered for the gene rpoC1
6 sequences recovered for the gene rpoB
6 sequences recovered for the gene petN
6 sequences recovered for the gene psbM
7 sequences recovered for the gene psbD
6 sequences recovered for the gene psbC
1 sequences recovered for the gene ycf9
6 sequences recovered for the gene rps14
6 sequences recovered for the gene psaB
6 sequences recovered for the gene psaA
6 sequences recovered for the gene ycf3
7 sequences recovered for the gene rps4
6 sequences recovered for the gene ndhJ
6 sequences recovered for the gene ndhK
6 sequences recovered for the gene ndhC
7 sequences recovered for the gene atpE
7 sequences recovered for the gene atpB
6 sequences recovered for the gene rbcL
6 sequences recovered for the gene accD
6 sequences recovered for the gene psaI
6 sequences recovered for the gene ycf4
6 sequences recovered for the gene cemA
6 sequences recovered for the gene petA
6 sequences recovered for the gene psbJ
6 sequences recovered for the gene psbL
6 sequences recovered for the gene psbF
6 sequences recovered for the gene psbE
6 sequences recovered for the gene petL
6 sequences recovered for the gene petG
6 sequences recovered for the gene psaJ
6 sequences recovered for the gene rpl33
6 sequences recovered for the gene rps18
6 sequences recovered for the gene rpl20
7 sequences recovered for the gene rps12
6 sequences recovered for the gene clpP
6 sequences recovered for the gene psbB
6 sequences recovered for the gene psbT
6 sequences recovered for the gene psbN
6 sequences recovered for the gene psbH
6 sequences recovered for the gene petB
7 sequences recovered for the gene petD
7 sequences recovered for the gene rpoA
7 sequences recovered for the gene rps11
6 sequences recovered for the gene rpl36
7 sequences recovered for the gene infA
7 sequences recovered for the gene rps8
7 sequences recovered for the gene rpl14
7 sequences recovered for the gene rpl16
7 sequences recovered for the gene rps3
7 sequences recovered for the gene rpl22
6 sequences recovered for the gene rps19
3 sequences recovered for the gene rpl2
7 sequences recovered for the gene rpl23
6 sequences recovered for the gene ycf2
6 sequences recovered for the gene ycf15
6 sequences recovered for the gene ndhB
8 sequences recovered for the gene rps7
6 sequences recovered for the gene ndhF
6 sequences recovered for the gene rpl32
6 sequences recovered for the gene ccsA
6 sequences recovered for the gene ndhD
6 sequences recovered for the gene psaC
6 sequences recovered for the gene ndhE
6 sequences recovered for the gene ndhG
6 sequences recovered for the gene ndhI
6 sequences recovered for the gene ndhA
6 sequences recovered for the gene ndhH
6 sequences recovered for the gene rps15
6 sequences recovered for the gene ycf1
8 sequences recovered for the gene rps7
6 sequences recovered for the gene ndhB
6 sequences recovered for the gene ycf15
6 sequences recovered for the gene ycf2
7 sequences recovered for the gene rpl23
3 sequences recovered for the gene rpl2
